<?xml version="1.0" encoding="utf-8"?><testsuites><testsuite name="pytest" errors="0" failures="1" skipped="1" tests="16" time="0.080" timestamp="2024-07-19T15:06:36.735956" hostname="LCG-"><testcase classname="SimpleTests.test_FirstProgram.TestClass" name="testlogin" time="0.001" /><testcase classname="SimpleTests.test_FirstProgram.TestClass" name="testlogoff" time="0.000" /><testcase classname="SimpleTests.test_FirstProgram.TestClass" name="testcalculation" time="0.000"><skipped type="pytest.skip" message="unconditional skip">D:\LaunchCG\My_Learnings\PyTest\PyCharmProjects\workshop-pytest\SimpleTests\test_FirstProgram.py:12: unconditional skip</skipped></testcase><testcase classname="SimpleTests.test_basics" name="test_divisibleby2" time="0.000" /><testcase classname="SimpleTests.test_basics" name="test_one" time="0.000" /><testcase classname="SimpleTests.test_basics" name="test_two" time="0.000"><failure message="AssertionError: assert False&#10; +  where False = hasattr('hello', 'check')">def test_two():
        x = "hello"
&gt;       assert hasattr(x,"check")
E       AssertionError: assert False
E        +  where False = hasattr('hello', 'check')

SimpleTests\test_basics.py:19: AssertionError</failure></testcase><testcase classname="SimpleTests.test_fixturesimplementation" name="testaddtocart" time="0.000" /><testcase classname="SimpleTests.test_fixturesimplementation" name="testteardowncode" time="0.000" /><testcase classname="SimpleTests.test_login.TestClass" name="testlogin" time="0.000" /><testcase classname="SimpleTests.test_login.TestClass" name="testlogoff" time="0.000" /><testcase classname="SimpleTests.test_login.TestClass" name="testcalculation" time="0.000" /><testcase classname="SimpleTests.test_logout.TestClass" name="testlogin" time="0.000" /><testcase classname="SimpleTests.test_logout.TestClass" name="testlogoff" time="0.000" /><testcase classname="SimpleTests.test_logout.TestClass" name="testcalculation" time="0.000" /><testcase classname="SimpleTests.test_plainfixture" name="testaddtocart" time="0.001" /><testcase classname="SimpleTests.test_plainfixture" name="testteardowncode" time="0.001" /></testsuite></testsuites>